2023-05-31 13:54:58,844 INFO o.s.b.StartupInfoLogger [restartedMain] Starting CvqsApplication using Java 18.0.1.1 with PID 17192 (C:\Users\Beytullah\Documents\GitHub\CarVehicleQualitySystem\AuthenticationAndAuthorizationService\target\classes started by Beytullah in C:\Users\Beytullah\Documents\GitHub\CarVehicleQualitySystem\AuthenticationAndAuthorizationService)
2023-05-31 13:54:58,848 INFO o.s.b.SpringApplication [restartedMain] The following 1 profile is active: "dev"
2023-05-31 13:54:58,888 INFO o.s.b.l.DeferredLog [restartedMain] Devtools property defaults active! Set 'spring.devtools.add-properties' to 'false' to disable
2023-05-31 13:54:58,889 INFO o.s.b.l.DeferredLog [restartedMain] For additional web related logging consider setting the 'logging.level.web' property to 'DEBUG'
2023-05-31 13:54:59,605 INFO o.s.d.r.c.RepositoryConfigurationDelegate [restartedMain] Bootstrapping Spring Data JPA repositories in DEFAULT mode.
2023-05-31 13:54:59,657 INFO o.s.d.r.c.RepositoryConfigurationDelegate [restartedMain] Finished Spring Data repository scanning in 41 ms. Found 2 JPA repository interfaces.
2023-05-31 13:55:00,200 INFO o.s.b.w.e.t.TomcatWebServer [restartedMain] Tomcat initialized with port(s): 8080 (http)
2023-05-31 13:55:00,210 INFO o.a.j.l.DirectJDKLog [restartedMain] Starting service [Tomcat]
2023-05-31 13:55:00,210 INFO o.a.j.l.DirectJDKLog [restartedMain] Starting Servlet engine: [Apache Tomcat/10.1.5]
2023-05-31 13:55:00,267 INFO o.a.j.l.DirectJDKLog [restartedMain] Initializing Spring embedded WebApplicationContext
2023-05-31 13:55:00,268 INFO o.s.b.w.s.c.ServletWebServerApplicationContext [restartedMain] Root WebApplicationContext: initialization completed in 1378 ms
2023-05-31 13:55:00,379 INFO o.h.j.i.u.LogHelper [restartedMain] HHH000204: Processing PersistenceUnitInfo [name: default]
2023-05-31 13:55:00,423 INFO o.h.Version [restartedMain] HHH000412: Hibernate ORM core version 6.1.7.Final
2023-05-31 13:55:00,558 WARN o.h.j.b.i.EntityManagerFactoryBuilderImpl [restartedMain] HHH90000021: Encountered deprecated setting [javax.persistence.validation.mode], use [jakarta.persistence.validation.mode] instead
2023-05-31 13:55:00,667 INFO c.z.h.HikariDataSource [restartedMain] HikariPool-1 - Starting...
2023-05-31 13:55:00,802 INFO c.z.h.p.HikariPool [restartedMain] HikariPool-1 - Added connection org.postgresql.jdbc.PgConnection@7a28ab6f
2023-05-31 13:55:00,803 INFO c.z.h.HikariDataSource [restartedMain] HikariPool-1 - Start completed.
2023-05-31 13:55:00,848 INFO o.h.e.j.d.i.DialectFactoryImpl [restartedMain] HHH000400: Using dialect: org.hibernate.dialect.PostgreSQLDialect
2023-05-31 13:55:01,454 INFO o.h.e.t.j.p.i.JtaPlatformInitiator [restartedMain] HHH000490: Using JtaPlatform implementation: [org.hibernate.engine.transaction.jta.platform.internal.NoJtaPlatform]
2023-05-31 13:55:01,461 INFO o.s.o.j.AbstractEntityManagerFactoryBean [restartedMain] Initialized JPA EntityManagerFactory for persistence unit 'default'
2023-05-31 13:55:02,004 WARN o.s.b.a.o.j.JpaBaseConfiguration$JpaWebConfiguration [restartedMain] spring.jpa.open-in-view is enabled by default. Therefore, database queries may be performed during view rendering. Explicitly configure spring.jpa.open-in-view to disable this warning
2023-05-31 13:55:02,604 INFO o.s.s.w.DefaultSecurityFilterChain [restartedMain] Will secure any request with [org.springframework.security.web.session.DisableEncodeUrlFilter@203e7cec, org.springframework.security.web.context.request.async.WebAsyncManagerIntegrationFilter@31c110ff, org.springframework.security.web.context.SecurityContextHolderFilter@2905435d, org.springframework.security.web.header.HeaderWriterFilter@6ee67d5b, org.springframework.web.filter.CorsFilter@6eb6f02, org.springframework.security.web.authentication.logout.LogoutFilter@79c3b620, com.bit.CVQS.core.utils.security.filters.JwtFilter@3d592afd, org.springframework.security.web.authentication.www.BasicAuthenticationFilter@415a1692, org.springframework.security.web.savedrequest.RequestCacheAwareFilter@22c061b0, org.springframework.security.web.servletapi.SecurityContextHolderAwareRequestFilter@147b4013, org.springframework.security.web.authentication.AnonymousAuthenticationFilter@e271592, org.springframework.security.web.session.SessionManagementFilter@7a325a21, org.springframework.security.web.access.ExceptionTranslationFilter@60f66413, org.springframework.security.web.access.intercept.FilterSecurityInterceptor@1fd5bc2a]
2023-05-31 13:55:02,819 INFO o.s.b.d.a.OptionalLiveReloadServer [restartedMain] LiveReload server is running on port 35729
2023-05-31 13:55:02,851 INFO o.s.b.w.e.t.TomcatWebServer [restartedMain] Tomcat started on port(s): 8080 (http) with context path ''
2023-05-31 13:55:02,859 INFO o.s.b.StartupInfoLogger [restartedMain] Started CvqsApplication in 4.415 seconds (process running for 6.232)
2023-05-31 13:55:12,950 INFO o.a.j.l.DirectJDKLog [http-nio-8080-exec-2] Initializing Spring DispatcherServlet 'dispatcherServlet'
2023-05-31 13:55:12,951 INFO o.s.w.s.FrameworkServlet [http-nio-8080-exec-2] Initializing Servlet 'dispatcherServlet'
2023-05-31 13:55:12,952 INFO o.s.w.s.FrameworkServlet [http-nio-8080-exec-2] Completed initialization in 1 ms
2023-05-31 13:55:26,781 INFO o.s.o.j.AbstractEntityManagerFactoryBean [SpringApplicationShutdownHook] Closing JPA EntityManagerFactory for persistence unit 'default'
2023-05-31 13:55:26,785 INFO c.z.h.HikariDataSource [SpringApplicationShutdownHook] HikariPool-1 - Shutdown initiated...
2023-05-31 13:55:26,790 INFO c.z.h.HikariDataSource [SpringApplicationShutdownHook] HikariPool-1 - Shutdown completed.
