2023-04-29 13:14:11,212 INFO o.s.b.StartupInfoLogger [restartedMain] Starting CvqsApplication using Java 18.0.1.1 with PID 14964 (C:\Users\Beytullah\Documents\GitHub\CarVehicleQualitySystem\CVQS\target\classes started by Beytullah in C:\Users\Beytullah\Documents\GitHub\CarVehicleQualitySystem\CVQS)
2023-04-29 13:14:11,215 INFO o.s.b.SpringApplication [restartedMain] The following 1 profile is active: "dev"
2023-04-29 13:14:11,253 INFO o.s.b.l.DeferredLog [restartedMain] Devtools property defaults active! Set 'spring.devtools.add-properties' to 'false' to disable
2023-04-29 13:14:11,253 INFO o.s.b.l.DeferredLog [restartedMain] For additional web related logging consider setting the 'logging.level.web' property to 'DEBUG'
2023-04-29 13:14:11,981 INFO o.s.d.r.c.RepositoryConfigurationDelegate [restartedMain] Bootstrapping Spring Data JPA repositories in DEFAULT mode.
2023-04-29 13:14:12,042 INFO o.s.d.r.c.RepositoryConfigurationDelegate [restartedMain] Finished Spring Data repository scanning in 52 ms. Found 7 JPA repository interfaces.
2023-04-29 13:14:12,611 INFO o.s.b.w.e.t.TomcatWebServer [restartedMain] Tomcat initialized with port(s): 8080 (http)
2023-04-29 13:14:12,620 INFO o.a.j.l.DirectJDKLog [restartedMain] Starting service [Tomcat]
2023-04-29 13:14:12,620 INFO o.a.j.l.DirectJDKLog [restartedMain] Starting Servlet engine: [Apache Tomcat/10.1.5]
2023-04-29 13:14:12,670 INFO o.a.j.l.DirectJDKLog [restartedMain] Initializing Spring embedded WebApplicationContext
2023-04-29 13:14:12,672 INFO o.s.b.w.s.c.ServletWebServerApplicationContext [restartedMain] Root WebApplicationContext: initialization completed in 1417 ms
2023-04-29 13:14:12,805 INFO o.h.j.i.u.LogHelper [restartedMain] HHH000204: Processing PersistenceUnitInfo [name: default]
2023-04-29 13:14:12,868 INFO o.h.Version [restartedMain] HHH000412: Hibernate ORM core version 6.1.7.Final
2023-04-29 13:14:12,976 WARN o.h.j.b.i.EntityManagerFactoryBuilderImpl [restartedMain] HHH90000021: Encountered deprecated setting [javax.persistence.validation.mode], use [jakarta.persistence.validation.mode] instead
2023-04-29 13:14:13,101 INFO c.z.h.HikariDataSource [restartedMain] HikariPool-1 - Starting...
2023-04-29 13:14:13,222 INFO c.z.h.p.HikariPool [restartedMain] HikariPool-1 - Added connection org.postgresql.jdbc.PgConnection@2dd91aee
2023-04-29 13:14:13,224 INFO c.z.h.HikariDataSource [restartedMain] HikariPool-1 - Start completed.
2023-04-29 13:14:13,259 INFO o.h.e.j.d.i.DialectFactoryImpl [restartedMain] HHH000400: Using dialect: org.hibernate.dialect.PostgreSQLDialect
2023-04-29 13:14:13,934 INFO o.h.e.t.j.p.i.JtaPlatformInitiator [restartedMain] HHH000490: Using JtaPlatform implementation: [org.hibernate.engine.transaction.jta.platform.internal.NoJtaPlatform]
2023-04-29 13:14:13,941 INFO o.s.o.j.AbstractEntityManagerFactoryBean [restartedMain] Initialized JPA EntityManagerFactory for persistence unit 'default'
2023-04-29 13:14:14,623 WARN o.s.b.a.o.j.JpaBaseConfiguration$JpaWebConfiguration [restartedMain] spring.jpa.open-in-view is enabled by default. Therefore, database queries may be performed during view rendering. Explicitly configure spring.jpa.open-in-view to disable this warning
2023-04-29 13:14:15,359 INFO o.s.s.w.DefaultSecurityFilterChain [restartedMain] Will secure any request with [org.springframework.security.web.session.DisableEncodeUrlFilter@44b41bc4, org.springframework.security.web.context.request.async.WebAsyncManagerIntegrationFilter@4fe433c6, org.springframework.security.web.context.SecurityContextHolderFilter@4185054d, org.springframework.security.web.header.HeaderWriterFilter@27c01fa4, org.springframework.web.filter.CorsFilter@1834c215, org.springframework.security.web.authentication.logout.LogoutFilter@2f1ffbb1, com.bit.CVQS.core.utils.security.filters.JwtFilter@636552ea, org.springframework.security.web.authentication.www.BasicAuthenticationFilter@b40137f, org.springframework.security.web.savedrequest.RequestCacheAwareFilter@c9a37ef, org.springframework.security.web.servletapi.SecurityContextHolderAwareRequestFilter@e17d6e7, org.springframework.security.web.authentication.AnonymousAuthenticationFilter@784bed67, org.springframework.security.web.session.SessionManagementFilter@7259b393, org.springframework.security.web.access.ExceptionTranslationFilter@cdb6ce5, org.springframework.security.web.access.intercept.FilterSecurityInterceptor@53f05621]
2023-04-29 13:14:15,686 INFO o.s.b.d.a.OptionalLiveReloadServer [restartedMain] LiveReload server is running on port 35729
2023-04-29 13:14:15,717 INFO o.s.b.w.e.t.TomcatWebServer [restartedMain] Tomcat started on port(s): 8080 (http) with context path ''
2023-04-29 13:14:15,728 INFO o.s.b.StartupInfoLogger [restartedMain] Started CvqsApplication in 4.954 seconds (process running for 5.315)
2023-04-29 13:14:17,636 INFO o.s.o.j.AbstractEntityManagerFactoryBean [SpringApplicationShutdownHook] Closing JPA EntityManagerFactory for persistence unit 'default'
2023-04-29 13:14:17,640 INFO c.z.h.HikariDataSource [SpringApplicationShutdownHook] HikariPool-1 - Shutdown initiated...
2023-04-29 13:14:17,644 INFO c.z.h.HikariDataSource [SpringApplicationShutdownHook] HikariPool-1 - Shutdown completed.
2023-04-29 13:41:32,198 INFO o.s.b.StartupInfoLogger [main] Starting CvqsApplicationTests using Java 18.0.1.1 with PID 23568 (started by Beytullah in C:\Users\Beytullah\Documents\GitHub\CarVehicleQualitySystem\CVQS)
2023-04-29 13:41:32,199 INFO o.s.b.SpringApplication [main] The following 1 profile is active: "dev"
2023-04-29 13:41:32,875 INFO o.s.d.r.c.RepositoryConfigurationDelegate [main] Bootstrapping Spring Data JPA repositories in DEFAULT mode.
2023-04-29 13:41:32,927 INFO o.s.d.r.c.RepositoryConfigurationDelegate [main] Finished Spring Data repository scanning in 46 ms. Found 7 JPA repository interfaces.
2023-04-29 13:41:33,309 INFO o.h.j.i.u.LogHelper [main] HHH000204: Processing PersistenceUnitInfo [name: default]
2023-04-29 13:41:33,365 INFO o.h.Version [main] HHH000412: Hibernate ORM core version 6.1.7.Final
2023-04-29 13:41:33,488 WARN o.h.j.b.i.EntityManagerFactoryBuilderImpl [main] HHH90000021: Encountered deprecated setting [javax.persistence.validation.mode], use [jakarta.persistence.validation.mode] instead
2023-04-29 13:41:33,646 INFO c.z.h.HikariDataSource [main] HikariPool-1 - Starting...
2023-04-29 13:41:33,718 INFO c.z.h.p.HikariPool [main] HikariPool-1 - Added connection org.postgresql.jdbc.PgConnection@2cd3fc29
2023-04-29 13:41:33,719 INFO c.z.h.HikariDataSource [main] HikariPool-1 - Start completed.
2023-04-29 13:41:33,736 INFO o.h.e.j.d.i.DialectFactoryImpl [main] HHH000400: Using dialect: org.hibernate.dialect.PostgreSQLDialect
2023-04-29 13:41:34,352 INFO o.h.e.t.j.p.i.JtaPlatformInitiator [main] HHH000490: Using JtaPlatform implementation: [org.hibernate.engine.transaction.jta.platform.internal.NoJtaPlatform]
2023-04-29 13:41:34,358 INFO o.s.o.j.AbstractEntityManagerFactoryBean [main] Initialized JPA EntityManagerFactory for persistence unit 'default'
2023-04-29 13:41:34,964 WARN o.s.b.a.o.j.JpaBaseConfiguration$JpaWebConfiguration [main] spring.jpa.open-in-view is enabled by default. Therefore, database queries may be performed during view rendering. Explicitly configure spring.jpa.open-in-view to disable this warning
2023-04-29 13:41:35,912 INFO o.s.s.w.DefaultSecurityFilterChain [main] Will secure any request with [org.springframework.security.web.session.DisableEncodeUrlFilter@c76762, org.springframework.security.web.context.request.async.WebAsyncManagerIntegrationFilter@5318731f, org.springframework.security.web.context.SecurityContextHolderFilter@1784a296, org.springframework.security.web.header.HeaderWriterFilter@362e709e, org.springframework.web.filter.CorsFilter@2db82155, org.springframework.security.web.authentication.logout.LogoutFilter@34604b32, com.bit.CVQS.core.utils.security.filters.JwtFilter@21d48c40, org.springframework.security.web.authentication.www.BasicAuthenticationFilter@80b70fd, org.springframework.security.web.savedrequest.RequestCacheAwareFilter@4af6839c, org.springframework.security.web.servletapi.SecurityContextHolderAwareRequestFilter@4f3e65f4, org.springframework.security.web.authentication.AnonymousAuthenticationFilter@128d397c, org.springframework.security.web.session.SessionManagementFilter@eea0b48, org.springframework.security.web.access.ExceptionTranslationFilter@5364b481, org.springframework.security.web.access.intercept.FilterSecurityInterceptor@5dc8448b]
2023-04-29 13:41:36,328 INFO o.s.b.StartupInfoLogger [main] Started CvqsApplicationTests in 4.401 seconds (process running for 5.025)
2023-04-29 13:41:36,472 INFO o.s.o.j.AbstractEntityManagerFactoryBean [SpringApplicationShutdownHook] Closing JPA EntityManagerFactory for persistence unit 'default'
2023-04-29 13:41:36,476 INFO c.z.h.HikariDataSource [SpringApplicationShutdownHook] HikariPool-1 - Shutdown initiated...
2023-04-29 13:41:36,481 INFO c.z.h.HikariDataSource [SpringApplicationShutdownHook] HikariPool-1 - Shutdown completed.
