2023-05-09 16:10:16,949 INFO o.s.b.StartupInfoLogger [restartedMain] Starting CvqsApplication using Java 18.0.1.1 with PID 6616 (C:\Users\Beytullah\Documents\GitHub\CarVehicleQualitySystem\AuthenticationAndAuthorizationService\target\classes started by Beytullah in C:\Users\Beytullah\Documents\GitHub\CarVehicleQualitySystem\AuthenticationAndAuthorizationService)
2023-05-09 16:10:16,952 INFO o.s.b.SpringApplication [restartedMain] The following 1 profile is active: "dev"
2023-05-09 16:10:16,989 INFO o.s.b.l.DeferredLog [restartedMain] Devtools property defaults active! Set 'spring.devtools.add-properties' to 'false' to disable
2023-05-09 16:10:16,990 INFO o.s.b.l.DeferredLog [restartedMain] For additional web related logging consider setting the 'logging.level.web' property to 'DEBUG'
2023-05-09 16:10:17,719 INFO o.s.d.r.c.RepositoryConfigurationDelegate [restartedMain] Bootstrapping Spring Data JPA repositories in DEFAULT mode.
2023-05-09 16:10:17,770 INFO o.s.d.r.c.RepositoryConfigurationDelegate [restartedMain] Finished Spring Data repository scanning in 43 ms. Found 2 JPA repository interfaces.
2023-05-09 16:10:18,370 INFO o.s.b.w.e.t.TomcatWebServer [restartedMain] Tomcat initialized with port(s): 8080 (http)
2023-05-09 16:10:18,383 INFO o.a.j.l.DirectJDKLog [restartedMain] Starting service [Tomcat]
2023-05-09 16:10:18,383 INFO o.a.j.l.DirectJDKLog [restartedMain] Starting Servlet engine: [Apache Tomcat/10.1.5]
2023-05-09 16:10:18,438 INFO o.a.j.l.DirectJDKLog [restartedMain] Initializing Spring embedded WebApplicationContext
2023-05-09 16:10:18,439 INFO o.s.b.w.s.c.ServletWebServerApplicationContext [restartedMain] Root WebApplicationContext: initialization completed in 1447 ms
2023-05-09 16:10:18,450 ERROR o.s.b.w.e.t.TomcatStarter [restartedMain] Error starting Tomcat context. Exception: org.springframework.beans.factory.UnsatisfiedDependencyException. Message: Error creating bean with name 'jwtFilter' defined in file [C:\Users\Beytullah\Documents\GitHub\CarVehicleQualitySystem\AuthenticationAndAuthorizationService\target\classes\com\bit\CVQS\core\utils\security\filters\JwtFilter.class]: Unsatisfied dependency expressed through constructor parameter 1: No qualifying bean of type 'com.bit.CVQS.core.utils.services.UserDetailService' available: expected at least 1 bean which qualifies as autowire candidate. Dependency annotations: {}
2023-05-09 16:10:18,471 INFO o.a.j.l.DirectJDKLog [restartedMain] Stopping service [Tomcat]
2023-05-09 16:10:18,479 WARN o.s.c.s.AbstractApplicationContext [restartedMain] Exception encountered during context initialization - cancelling refresh attempt: org.springframework.context.ApplicationContextException: Unable to start web server
2023-05-09 16:10:18,486 INFO o.s.b.a.l.ConditionEvaluationReportLogger [restartedMain] 

Error starting ApplicationContext. To display the condition evaluation report re-run your application with 'debug' enabled.
2023-05-09 16:10:18,519 ERROR o.s.b.d.LoggingFailureAnalysisReporter [restartedMain] 

***************************
APPLICATION FAILED TO START
***************************

Description:

Parameter 1 of constructor in com.bit.CVQS.core.utils.security.filters.JwtFilter required a bean of type 'com.bit.CVQS.core.utils.services.UserDetailService' that could not be found.


Action:

Consider defining a bean of type 'com.bit.CVQS.core.utils.services.UserDetailService' in your configuration.

2023-05-09 16:12:01,308 INFO o.s.b.StartupInfoLogger [restartedMain] Starting CvqsApplication using Java 18.0.1.1 with PID 3460 (C:\Users\Beytullah\Documents\GitHub\CarVehicleQualitySystem\AuthenticationAndAuthorizationService\target\classes started by Beytullah in C:\Users\Beytullah\Documents\GitHub\CarVehicleQualitySystem\AuthenticationAndAuthorizationService)
2023-05-09 16:12:01,309 INFO o.s.b.SpringApplication [restartedMain] The following 1 profile is active: "dev"
2023-05-09 16:12:01,348 INFO o.s.b.l.DeferredLog [restartedMain] Devtools property defaults active! Set 'spring.devtools.add-properties' to 'false' to disable
2023-05-09 16:12:01,348 INFO o.s.b.l.DeferredLog [restartedMain] For additional web related logging consider setting the 'logging.level.web' property to 'DEBUG'
2023-05-09 16:12:01,984 INFO o.s.d.r.c.RepositoryConfigurationDelegate [restartedMain] Bootstrapping Spring Data JPA repositories in DEFAULT mode.
2023-05-09 16:12:02,026 INFO o.s.d.r.c.RepositoryConfigurationDelegate [restartedMain] Finished Spring Data repository scanning in 37 ms. Found 2 JPA repository interfaces.
2023-05-09 16:12:02,573 INFO o.s.b.w.e.t.TomcatWebServer [restartedMain] Tomcat initialized with port(s): 8080 (http)
2023-05-09 16:12:02,584 INFO o.a.j.l.DirectJDKLog [restartedMain] Starting service [Tomcat]
2023-05-09 16:12:02,584 INFO o.a.j.l.DirectJDKLog [restartedMain] Starting Servlet engine: [Apache Tomcat/10.1.5]
2023-05-09 16:12:02,643 INFO o.a.j.l.DirectJDKLog [restartedMain] Initializing Spring embedded WebApplicationContext
2023-05-09 16:12:02,644 INFO o.s.b.w.s.c.ServletWebServerApplicationContext [restartedMain] Root WebApplicationContext: initialization completed in 1294 ms
2023-05-09 16:12:02,657 ERROR o.s.b.w.e.t.TomcatStarter [restartedMain] Error starting Tomcat context. Exception: org.springframework.beans.factory.UnsatisfiedDependencyException. Message: Error creating bean with name 'jwtFilter' defined in file [C:\Users\Beytullah\Documents\GitHub\CarVehicleQualitySystem\AuthenticationAndAuthorizationService\target\classes\com\bit\CVQS\core\utils\security\filters\JwtFilter.class]: Unsatisfied dependency expressed through constructor parameter 1: No qualifying bean of type 'com.bit.CVQS.core.utils.services.UserDetailService' available: expected at least 1 bean which qualifies as autowire candidate. Dependency annotations: {}
2023-05-09 16:12:02,673 INFO o.a.j.l.DirectJDKLog [restartedMain] Stopping service [Tomcat]
2023-05-09 16:12:02,679 WARN o.s.c.s.AbstractApplicationContext [restartedMain] Exception encountered during context initialization - cancelling refresh attempt: org.springframework.context.ApplicationContextException: Unable to start web server
2023-05-09 16:12:02,686 INFO o.s.b.a.l.ConditionEvaluationReportLogger [restartedMain] 

Error starting ApplicationContext. To display the condition evaluation report re-run your application with 'debug' enabled.
2023-05-09 16:12:02,709 ERROR o.s.b.d.LoggingFailureAnalysisReporter [restartedMain] 

***************************
APPLICATION FAILED TO START
***************************

Description:

Parameter 1 of constructor in com.bit.CVQS.core.utils.security.filters.JwtFilter required a bean of type 'com.bit.CVQS.core.utils.services.UserDetailService' that could not be found.


Action:

Consider defining a bean of type 'com.bit.CVQS.core.utils.services.UserDetailService' in your configuration.

2023-05-09 16:12:32,123 INFO o.s.b.StartupInfoLogger [restartedMain] Starting CvqsApplication using Java 18.0.1.1 with PID 22296 (C:\Users\Beytullah\Documents\GitHub\CarVehicleQualitySystem\AuthenticationAndAuthorizationService\target\classes started by Beytullah in C:\Users\Beytullah\Documents\GitHub\CarVehicleQualitySystem\AuthenticationAndAuthorizationService)
2023-05-09 16:12:32,125 INFO o.s.b.SpringApplication [restartedMain] The following 1 profile is active: "dev"
2023-05-09 16:12:32,160 INFO o.s.b.l.DeferredLog [restartedMain] Devtools property defaults active! Set 'spring.devtools.add-properties' to 'false' to disable
2023-05-09 16:12:32,160 INFO o.s.b.l.DeferredLog [restartedMain] For additional web related logging consider setting the 'logging.level.web' property to 'DEBUG'
2023-05-09 16:12:32,785 INFO o.s.d.r.c.RepositoryConfigurationDelegate [restartedMain] Bootstrapping Spring Data JPA repositories in DEFAULT mode.
2023-05-09 16:12:32,841 INFO o.s.d.r.c.RepositoryConfigurationDelegate [restartedMain] Finished Spring Data repository scanning in 50 ms. Found 2 JPA repository interfaces.
2023-05-09 16:12:33,407 INFO o.s.b.w.e.t.TomcatWebServer [restartedMain] Tomcat initialized with port(s): 8080 (http)
2023-05-09 16:12:33,418 INFO o.a.j.l.DirectJDKLog [restartedMain] Starting service [Tomcat]
2023-05-09 16:12:33,419 INFO o.a.j.l.DirectJDKLog [restartedMain] Starting Servlet engine: [Apache Tomcat/10.1.5]
2023-05-09 16:12:33,470 INFO o.a.j.l.DirectJDKLog [restartedMain] Initializing Spring embedded WebApplicationContext
2023-05-09 16:12:33,471 INFO o.s.b.w.s.c.ServletWebServerApplicationContext [restartedMain] Root WebApplicationContext: initialization completed in 1309 ms
2023-05-09 16:12:33,484 ERROR o.s.b.w.e.t.TomcatStarter [restartedMain] Error starting Tomcat context. Exception: org.springframework.beans.factory.UnsatisfiedDependencyException. Message: Error creating bean with name 'jwtFilter' defined in file [C:\Users\Beytullah\Documents\GitHub\CarVehicleQualitySystem\AuthenticationAndAuthorizationService\target\classes\com\bit\CVQS\core\utils\security\filters\JwtFilter.class]: Unsatisfied dependency expressed through constructor parameter 1: No qualifying bean of type 'com.bit.CVQS.core.utils.services.UserDetailService' available: expected at least 1 bean which qualifies as autowire candidate. Dependency annotations: {}
2023-05-09 16:12:33,503 INFO o.a.j.l.DirectJDKLog [restartedMain] Stopping service [Tomcat]
2023-05-09 16:12:33,512 WARN o.s.c.s.AbstractApplicationContext [restartedMain] Exception encountered during context initialization - cancelling refresh attempt: org.springframework.context.ApplicationContextException: Unable to start web server
2023-05-09 16:12:33,520 INFO o.s.b.a.l.ConditionEvaluationReportLogger [restartedMain] 

Error starting ApplicationContext. To display the condition evaluation report re-run your application with 'debug' enabled.
2023-05-09 16:12:33,542 ERROR o.s.b.d.LoggingFailureAnalysisReporter [restartedMain] 

***************************
APPLICATION FAILED TO START
***************************

Description:

Parameter 1 of constructor in com.bit.CVQS.core.utils.security.filters.JwtFilter required a bean of type 'com.bit.CVQS.core.utils.services.UserDetailService' that could not be found.


Action:

Consider defining a bean of type 'com.bit.CVQS.core.utils.services.UserDetailService' in your configuration.

2023-05-09 16:15:51,444 INFO o.s.b.StartupInfoLogger [restartedMain] Starting CvqsApplication using Java 18.0.1.1 with PID 1936 (C:\Users\Beytullah\Documents\GitHub\CarVehicleQualitySystem\AuthenticationAndAuthorizationService\target\classes started by Beytullah in C:\Users\Beytullah\Documents\GitHub\CarVehicleQualitySystem\AuthenticationAndAuthorizationService)
2023-05-09 16:15:51,446 INFO o.s.b.SpringApplication [restartedMain] The following 1 profile is active: "dev"
2023-05-09 16:15:51,482 INFO o.s.b.l.DeferredLog [restartedMain] Devtools property defaults active! Set 'spring.devtools.add-properties' to 'false' to disable
2023-05-09 16:15:51,483 INFO o.s.b.l.DeferredLog [restartedMain] For additional web related logging consider setting the 'logging.level.web' property to 'DEBUG'
2023-05-09 16:15:52,135 INFO o.s.d.r.c.RepositoryConfigurationDelegate [restartedMain] Bootstrapping Spring Data JPA repositories in DEFAULT mode.
2023-05-09 16:15:52,177 INFO o.s.d.r.c.RepositoryConfigurationDelegate [restartedMain] Finished Spring Data repository scanning in 37 ms. Found 2 JPA repository interfaces.
2023-05-09 16:15:52,719 INFO o.s.b.w.e.t.TomcatWebServer [restartedMain] Tomcat initialized with port(s): 8080 (http)
2023-05-09 16:15:52,737 INFO o.a.j.l.DirectJDKLog [restartedMain] Starting service [Tomcat]
2023-05-09 16:15:52,737 INFO o.a.j.l.DirectJDKLog [restartedMain] Starting Servlet engine: [Apache Tomcat/10.1.5]
2023-05-09 16:15:52,794 INFO o.a.j.l.DirectJDKLog [restartedMain] Initializing Spring embedded WebApplicationContext
2023-05-09 16:15:52,796 INFO o.s.b.w.s.c.ServletWebServerApplicationContext [restartedMain] Root WebApplicationContext: initialization completed in 1312 ms
2023-05-09 16:15:52,807 ERROR o.s.b.w.e.t.TomcatStarter [restartedMain] Error starting Tomcat context. Exception: org.springframework.beans.factory.UnsatisfiedDependencyException. Message: Error creating bean with name 'jwtFilter' defined in file [C:\Users\Beytullah\Documents\GitHub\CarVehicleQualitySystem\AuthenticationAndAuthorizationService\target\classes\com\bit\CVQS\core\utils\security\filters\JwtFilter.class]: Unsatisfied dependency expressed through constructor parameter 1: No qualifying bean of type 'com.bit.CVQS.core.utils.services.UserDetailService' available: expected at least 1 bean which qualifies as autowire candidate. Dependency annotations: {}
2023-05-09 16:15:52,825 INFO o.a.j.l.DirectJDKLog [restartedMain] Stopping service [Tomcat]
2023-05-09 16:15:52,834 WARN o.s.c.s.AbstractApplicationContext [restartedMain] Exception encountered during context initialization - cancelling refresh attempt: org.springframework.context.ApplicationContextException: Unable to start web server
2023-05-09 16:15:52,842 INFO o.s.b.a.l.ConditionEvaluationReportLogger [restartedMain] 

Error starting ApplicationContext. To display the condition evaluation report re-run your application with 'debug' enabled.
2023-05-09 16:15:52,867 ERROR o.s.b.d.LoggingFailureAnalysisReporter [restartedMain] 

***************************
APPLICATION FAILED TO START
***************************

Description:

Parameter 1 of constructor in com.bit.CVQS.core.utils.security.filters.JwtFilter required a bean of type 'com.bit.CVQS.core.utils.services.UserDetailService' that could not be found.


Action:

Consider defining a bean of type 'com.bit.CVQS.core.utils.services.UserDetailService' in your configuration.

2023-05-09 16:16:45,805 INFO o.s.b.StartupInfoLogger [restartedMain] Starting CvqsApplication using Java 18.0.1.1 with PID 16252 (C:\Users\Beytullah\Documents\GitHub\CarVehicleQualitySystem\AuthenticationAndAuthorizationService\target\classes started by Beytullah in C:\Users\Beytullah\Documents\GitHub\CarVehicleQualitySystem\AuthenticationAndAuthorizationService)
2023-05-09 16:16:45,808 INFO o.s.b.SpringApplication [restartedMain] The following 1 profile is active: "dev"
2023-05-09 16:16:45,846 INFO o.s.b.l.DeferredLog [restartedMain] Devtools property defaults active! Set 'spring.devtools.add-properties' to 'false' to disable
2023-05-09 16:16:45,847 INFO o.s.b.l.DeferredLog [restartedMain] For additional web related logging consider setting the 'logging.level.web' property to 'DEBUG'
2023-05-09 16:16:46,447 INFO o.s.d.r.c.RepositoryConfigurationDelegate [restartedMain] Bootstrapping Spring Data JPA repositories in DEFAULT mode.
2023-05-09 16:16:46,489 INFO o.s.d.r.c.RepositoryConfigurationDelegate [restartedMain] Finished Spring Data repository scanning in 36 ms. Found 2 JPA repository interfaces.
2023-05-09 16:16:47,043 INFO o.s.b.w.e.t.TomcatWebServer [restartedMain] Tomcat initialized with port(s): 8080 (http)
2023-05-09 16:16:47,056 INFO o.a.j.l.DirectJDKLog [restartedMain] Starting service [Tomcat]
2023-05-09 16:16:47,057 INFO o.a.j.l.DirectJDKLog [restartedMain] Starting Servlet engine: [Apache Tomcat/10.1.5]
2023-05-09 16:16:47,121 INFO o.a.j.l.DirectJDKLog [restartedMain] Initializing Spring embedded WebApplicationContext
2023-05-09 16:16:47,122 INFO o.s.b.w.s.c.ServletWebServerApplicationContext [restartedMain] Root WebApplicationContext: initialization completed in 1274 ms
2023-05-09 16:16:47,138 ERROR o.s.b.w.e.t.TomcatStarter [restartedMain] Error starting Tomcat context. Exception: org.springframework.beans.factory.UnsatisfiedDependencyException. Message: Error creating bean with name 'jwtFilter': Unsatisfied dependency expressed through field 'userService': No qualifying bean of type 'com.bit.CVQS.core.utils.services.UserDetailService' available: expected at least 1 bean which qualifies as autowire candidate. Dependency annotations: {@org.springframework.beans.factory.annotation.Autowired(required=true)}
2023-05-09 16:16:47,157 INFO o.a.j.l.DirectJDKLog [restartedMain] Stopping service [Tomcat]
2023-05-09 16:16:47,168 WARN o.s.c.s.AbstractApplicationContext [restartedMain] Exception encountered during context initialization - cancelling refresh attempt: org.springframework.context.ApplicationContextException: Unable to start web server
2023-05-09 16:16:47,176 INFO o.s.b.a.l.ConditionEvaluationReportLogger [restartedMain] 

Error starting ApplicationContext. To display the condition evaluation report re-run your application with 'debug' enabled.
2023-05-09 16:16:47,202 ERROR o.s.b.d.LoggingFailureAnalysisReporter [restartedMain] 

***************************
APPLICATION FAILED TO START
***************************

Description:

Field userService in com.bit.CVQS.core.utils.security.filters.JwtFilter required a bean of type 'com.bit.CVQS.core.utils.services.UserDetailService' that could not be found.

The injection point has the following annotations:
	- @org.springframework.beans.factory.annotation.Autowired(required=true)


Action:

Consider defining a bean of type 'com.bit.CVQS.core.utils.services.UserDetailService' in your configuration.

2023-05-09 16:17:25,695 INFO o.s.b.StartupInfoLogger [restartedMain] Starting CvqsApplication using Java 18.0.1.1 with PID 4456 (C:\Users\Beytullah\Documents\GitHub\CarVehicleQualitySystem\AuthenticationAndAuthorizationService\target\classes started by Beytullah in C:\Users\Beytullah\Documents\GitHub\CarVehicleQualitySystem\AuthenticationAndAuthorizationService)
2023-05-09 16:17:25,698 INFO o.s.b.SpringApplication [restartedMain] The following 1 profile is active: "dev"
2023-05-09 16:17:25,735 INFO o.s.b.l.DeferredLog [restartedMain] Devtools property defaults active! Set 'spring.devtools.add-properties' to 'false' to disable
2023-05-09 16:17:25,736 INFO o.s.b.l.DeferredLog [restartedMain] For additional web related logging consider setting the 'logging.level.web' property to 'DEBUG'
2023-05-09 16:17:26,378 INFO o.s.d.r.c.RepositoryConfigurationDelegate [restartedMain] Bootstrapping Spring Data JPA repositories in DEFAULT mode.
2023-05-09 16:17:26,422 INFO o.s.d.r.c.RepositoryConfigurationDelegate [restartedMain] Finished Spring Data repository scanning in 39 ms. Found 2 JPA repository interfaces.
2023-05-09 16:17:26,999 INFO o.s.b.w.e.t.TomcatWebServer [restartedMain] Tomcat initialized with port(s): 8080 (http)
2023-05-09 16:17:27,011 INFO o.a.j.l.DirectJDKLog [restartedMain] Starting service [Tomcat]
2023-05-09 16:17:27,011 INFO o.a.j.l.DirectJDKLog [restartedMain] Starting Servlet engine: [Apache Tomcat/10.1.5]
2023-05-09 16:17:27,066 INFO o.a.j.l.DirectJDKLog [restartedMain] Initializing Spring embedded WebApplicationContext
2023-05-09 16:17:27,068 INFO o.s.b.w.s.c.ServletWebServerApplicationContext [restartedMain] Root WebApplicationContext: initialization completed in 1331 ms
2023-05-09 16:17:27,081 ERROR o.s.b.w.e.t.TomcatStarter [restartedMain] Error starting Tomcat context. Exception: org.springframework.beans.factory.UnsatisfiedDependencyException. Message: Error creating bean with name 'jwtFilter': Unsatisfied dependency expressed through field 'userService': No qualifying bean of type 'com.bit.CVQS.core.utils.services.UserDetailService' available: expected at least 1 bean which qualifies as autowire candidate. Dependency annotations: {@org.springframework.beans.factory.annotation.Autowired(required=true)}
2023-05-09 16:17:27,099 INFO o.a.j.l.DirectJDKLog [restartedMain] Stopping service [Tomcat]
2023-05-09 16:17:27,107 WARN o.s.c.s.AbstractApplicationContext [restartedMain] Exception encountered during context initialization - cancelling refresh attempt: org.springframework.context.ApplicationContextException: Unable to start web server
2023-05-09 16:17:27,114 INFO o.s.b.a.l.ConditionEvaluationReportLogger [restartedMain] 

Error starting ApplicationContext. To display the condition evaluation report re-run your application with 'debug' enabled.
2023-05-09 16:17:27,139 ERROR o.s.b.d.LoggingFailureAnalysisReporter [restartedMain] 

***************************
APPLICATION FAILED TO START
***************************

Description:

Field userService in com.bit.CVQS.core.utils.security.filters.JwtFilter required a bean of type 'com.bit.CVQS.core.utils.services.UserDetailService' that could not be found.

The injection point has the following annotations:
	- @org.springframework.beans.factory.annotation.Autowired(required=true)


Action:

Consider defining a bean of type 'com.bit.CVQS.core.utils.services.UserDetailService' in your configuration.

2023-05-09 16:18:40,805 INFO o.s.b.StartupInfoLogger [restartedMain] Starting CvqsApplication using Java 18.0.1.1 with PID 19332 (C:\Users\Beytullah\Documents\GitHub\CarVehicleQualitySystem\AuthenticationAndAuthorizationService\target\classes started by Beytullah in C:\Users\Beytullah\Documents\GitHub\CarVehicleQualitySystem\AuthenticationAndAuthorizationService)
2023-05-09 16:18:40,808 INFO o.s.b.SpringApplication [restartedMain] The following 1 profile is active: "dev"
2023-05-09 16:18:40,849 INFO o.s.b.l.DeferredLog [restartedMain] Devtools property defaults active! Set 'spring.devtools.add-properties' to 'false' to disable
2023-05-09 16:18:40,849 INFO o.s.b.l.DeferredLog [restartedMain] For additional web related logging consider setting the 'logging.level.web' property to 'DEBUG'
2023-05-09 16:18:41,442 INFO o.s.d.r.c.RepositoryConfigurationDelegate [restartedMain] Bootstrapping Spring Data JPA repositories in DEFAULT mode.
2023-05-09 16:18:41,485 INFO o.s.d.r.c.RepositoryConfigurationDelegate [restartedMain] Finished Spring Data repository scanning in 37 ms. Found 2 JPA repository interfaces.
2023-05-09 16:18:42,008 INFO o.s.b.w.e.t.TomcatWebServer [restartedMain] Tomcat initialized with port(s): 8080 (http)
2023-05-09 16:18:42,026 INFO o.a.j.l.DirectJDKLog [restartedMain] Starting service [Tomcat]
2023-05-09 16:18:42,026 INFO o.a.j.l.DirectJDKLog [restartedMain] Starting Servlet engine: [Apache Tomcat/10.1.5]
2023-05-09 16:18:42,079 INFO o.a.j.l.DirectJDKLog [restartedMain] Initializing Spring embedded WebApplicationContext
2023-05-09 16:18:42,080 INFO o.s.b.w.s.c.ServletWebServerApplicationContext [restartedMain] Root WebApplicationContext: initialization completed in 1230 ms
2023-05-09 16:18:42,237 INFO o.h.j.i.u.LogHelper [restartedMain] HHH000204: Processing PersistenceUnitInfo [name: default]
2023-05-09 16:18:42,283 INFO o.h.Version [restartedMain] HHH000412: Hibernate ORM core version 6.1.7.Final
2023-05-09 16:18:42,398 WARN o.h.j.b.i.EntityManagerFactoryBuilderImpl [restartedMain] HHH90000021: Encountered deprecated setting [javax.persistence.validation.mode], use [jakarta.persistence.validation.mode] instead
2023-05-09 16:18:42,497 INFO c.z.h.HikariDataSource [restartedMain] HikariPool-1 - Starting...
2023-05-09 16:18:42,590 INFO c.z.h.p.HikariPool [restartedMain] HikariPool-1 - Added connection org.postgresql.jdbc.PgConnection@583638d
2023-05-09 16:18:42,591 INFO c.z.h.HikariDataSource [restartedMain] HikariPool-1 - Start completed.
2023-05-09 16:18:42,623 INFO o.h.e.j.d.i.DialectFactoryImpl [restartedMain] HHH000400: Using dialect: org.hibernate.dialect.PostgreSQLDialect
2023-05-09 16:18:43,203 INFO o.h.e.t.j.p.i.JtaPlatformInitiator [restartedMain] HHH000490: Using JtaPlatform implementation: [org.hibernate.engine.transaction.jta.platform.internal.NoJtaPlatform]
2023-05-09 16:18:43,210 INFO o.s.o.j.AbstractEntityManagerFactoryBean [restartedMain] Initialized JPA EntityManagerFactory for persistence unit 'default'
2023-05-09 16:18:43,885 WARN o.s.b.a.o.j.JpaBaseConfiguration$JpaWebConfiguration [restartedMain] spring.jpa.open-in-view is enabled by default. Therefore, database queries may be performed during view rendering. Explicitly configure spring.jpa.open-in-view to disable this warning
2023-05-09 16:18:44,623 INFO o.s.s.w.DefaultSecurityFilterChain [restartedMain] Will secure any request with [org.springframework.security.web.session.DisableEncodeUrlFilter@49cbd8f2, org.springframework.security.web.context.request.async.WebAsyncManagerIntegrationFilter@41adcc42, org.springframework.security.web.context.SecurityContextHolderFilter@1d04879e, org.springframework.security.web.header.HeaderWriterFilter@c2679a7, org.springframework.web.filter.CorsFilter@5c927040, org.springframework.security.web.authentication.logout.LogoutFilter@174fc7e7, com.bit.CVQS.core.utils.security.filters.JwtFilter@afc796a, org.springframework.security.web.authentication.www.BasicAuthenticationFilter@571a3fa, org.springframework.security.web.savedrequest.RequestCacheAwareFilter@2ddcaf9, org.springframework.security.web.servletapi.SecurityContextHolderAwareRequestFilter@74dc92be, org.springframework.security.web.authentication.AnonymousAuthenticationFilter@5f7f5605, org.springframework.security.web.session.SessionManagementFilter@30588cca, org.springframework.security.web.access.ExceptionTranslationFilter@6688f91, org.springframework.security.web.access.intercept.FilterSecurityInterceptor@5d786164]
2023-05-09 16:18:44,912 INFO o.s.b.d.a.OptionalLiveReloadServer [restartedMain] LiveReload server is running on port 35729
2023-05-09 16:18:44,938 INFO o.s.b.w.e.t.TomcatWebServer [restartedMain] Tomcat started on port(s): 8080 (http) with context path ''
2023-05-09 16:18:44,947 INFO o.s.b.StartupInfoLogger [restartedMain] Started CvqsApplication in 4.517 seconds (process running for 4.805)
2023-05-09 16:18:57,094 INFO o.a.j.l.DirectJDKLog [http-nio-8080-exec-5] Initializing Spring DispatcherServlet 'dispatcherServlet'
2023-05-09 16:18:57,094 INFO o.s.w.s.FrameworkServlet [http-nio-8080-exec-5] Initializing Servlet 'dispatcherServlet'
2023-05-09 16:18:57,095 INFO o.s.w.s.FrameworkServlet [http-nio-8080-exec-5] Completed initialization in 1 ms
2023-05-09 16:37:25,015 INFO o.s.o.j.AbstractEntityManagerFactoryBean [SpringApplicationShutdownHook] Closing JPA EntityManagerFactory for persistence unit 'default'
2023-05-09 16:37:25,018 INFO c.z.h.HikariDataSource [SpringApplicationShutdownHook] HikariPool-1 - Shutdown initiated...
2023-05-09 16:37:25,021 INFO c.z.h.HikariDataSource [SpringApplicationShutdownHook] HikariPool-1 - Shutdown completed.
2023-05-09 16:54:37,536 INFO o.s.b.StartupInfoLogger [main] Starting CvqsApplicationTests using Java 18.0.1.1 with PID 18388 (started by Beytullah in C:\Users\Beytullah\Documents\GitHub\CarVehicleQualitySystem\AuthenticationAndAuthorizationService)
2023-05-09 16:54:37,537 INFO o.s.b.SpringApplication [main] The following 1 profile is active: "dev"
2023-05-09 16:54:38,317 INFO o.s.d.r.c.RepositoryConfigurationDelegate [main] Bootstrapping Spring Data JPA repositories in DEFAULT mode.
2023-05-09 16:54:38,357 INFO o.s.d.r.c.RepositoryConfigurationDelegate [main] Finished Spring Data repository scanning in 35 ms. Found 2 JPA repository interfaces.
2023-05-09 16:54:38,895 INFO o.h.j.i.u.LogHelper [main] HHH000204: Processing PersistenceUnitInfo [name: default]
2023-05-09 16:54:39,030 INFO o.h.Version [main] HHH000412: Hibernate ORM core version 6.1.7.Final
2023-05-09 16:54:39,240 WARN o.h.j.b.i.EntityManagerFactoryBuilderImpl [main] HHH90000021: Encountered deprecated setting [javax.persistence.validation.mode], use [jakarta.persistence.validation.mode] instead
2023-05-09 16:54:39,375 INFO c.z.h.HikariDataSource [main] HikariPool-1 - Starting...
2023-05-09 16:54:39,463 INFO c.z.h.p.HikariPool [main] HikariPool-1 - Added connection org.postgresql.jdbc.PgConnection@3dde5f38
2023-05-09 16:54:39,464 INFO c.z.h.HikariDataSource [main] HikariPool-1 - Start completed.
2023-05-09 16:54:39,483 INFO o.h.e.j.d.i.DialectFactoryImpl [main] HHH000400: Using dialect: org.hibernate.dialect.PostgreSQLDialect
2023-05-09 16:54:40,044 INFO o.h.e.t.j.p.i.JtaPlatformInitiator [main] HHH000490: Using JtaPlatform implementation: [org.hibernate.engine.transaction.jta.platform.internal.NoJtaPlatform]
2023-05-09 16:54:40,050 INFO o.s.o.j.AbstractEntityManagerFactoryBean [main] Initialized JPA EntityManagerFactory for persistence unit 'default'
2023-05-09 16:54:40,793 WARN o.s.b.a.o.j.JpaBaseConfiguration$JpaWebConfiguration [main] spring.jpa.open-in-view is enabled by default. Therefore, database queries may be performed during view rendering. Explicitly configure spring.jpa.open-in-view to disable this warning
2023-05-09 16:54:41,777 INFO o.s.s.w.DefaultSecurityFilterChain [main] Will secure any request with [org.springframework.security.web.session.DisableEncodeUrlFilter@40e41f88, org.springframework.security.web.context.request.async.WebAsyncManagerIntegrationFilter@27b7913, org.springframework.security.web.context.SecurityContextHolderFilter@752e50c6, org.springframework.security.web.header.HeaderWriterFilter@7cddc50f, org.springframework.web.filter.CorsFilter@4d86f330, org.springframework.security.web.authentication.logout.LogoutFilter@507e3e77, com.bit.CVQS.core.utils.security.filters.JwtFilter@3a36da5e, org.springframework.security.web.authentication.www.BasicAuthenticationFilter@46c093b4, org.springframework.security.web.savedrequest.RequestCacheAwareFilter@5bd191c2, org.springframework.security.web.servletapi.SecurityContextHolderAwareRequestFilter@51806858, org.springframework.security.web.authentication.AnonymousAuthenticationFilter@1e8b0ab5, org.springframework.security.web.session.SessionManagementFilter@380cd266, org.springframework.security.web.access.ExceptionTranslationFilter@769c80d1, org.springframework.security.web.access.intercept.FilterSecurityInterceptor@4ceb368b]
2023-05-09 16:54:42,202 INFO o.s.b.StartupInfoLogger [main] Started CvqsApplicationTests in 4.916 seconds (process running for 5.631)
2023-05-09 16:54:42,423 INFO o.s.o.j.AbstractEntityManagerFactoryBean [SpringApplicationShutdownHook] Closing JPA EntityManagerFactory for persistence unit 'default'
2023-05-09 16:54:42,430 INFO c.z.h.HikariDataSource [SpringApplicationShutdownHook] HikariPool-1 - Shutdown initiated...
2023-05-09 16:54:42,436 INFO c.z.h.HikariDataSource [SpringApplicationShutdownHook] HikariPool-1 - Shutdown completed.
