2023-06-14 00:02:43,662 INFO o.s.b.StartupInfoLogger [main] Starting UserApplication using Java 18.0.1.1 with PID 12556 (C:\Users\Beytullah\Documents\GitHub\CarVehicleQualitySystem\UserManangement-Service\target\classes started by Beytullah in C:\Users\Beytullah\Documents\GitHub\CarVehicleQualitySystem\UserManangement-Service)
2023-06-14 00:02:43,664 INFO o.s.b.SpringApplication [main] The following 1 profile is active: "dev"
2023-06-14 00:02:44,104 INFO o.s.d.r.c.RepositoryConfigurationDelegate [main] Bootstrapping Spring Data JPA repositories in DEFAULT mode.
2023-06-14 00:02:44,146 INFO o.s.d.r.c.RepositoryConfigurationDelegate [main] Finished Spring Data repository scanning in 36 ms. Found 2 JPA repository interfaces.
2023-06-14 00:02:44,547 INFO o.s.b.w.e.t.TomcatWebServer [main] Tomcat initialized with port(s): 8082 (http)
2023-06-14 00:02:44,555 INFO o.a.j.l.DirectJDKLog [main] Starting service [Tomcat]
2023-06-14 00:02:44,556 INFO o.a.j.l.DirectJDKLog [main] Starting Servlet engine: [Apache Tomcat/10.1.8]
2023-06-14 00:02:44,627 INFO o.a.j.l.DirectJDKLog [main] Initializing Spring embedded WebApplicationContext
2023-06-14 00:02:44,628 INFO o.s.b.w.s.c.ServletWebServerApplicationContext [main] Root WebApplicationContext: initialization completed in 922 ms
2023-06-14 00:02:44,744 INFO o.h.j.i.u.LogHelper [main] HHH000204: Processing PersistenceUnitInfo [name: default]
2023-06-14 00:02:44,782 INFO o.h.Version [main] HHH000412: Hibernate ORM core version 6.1.7.Final
2023-06-14 00:02:44,869 WARN o.h.j.b.i.EntityManagerFactoryBuilderImpl [main] HHH90000021: Encountered deprecated setting [javax.persistence.validation.mode], use [jakarta.persistence.validation.mode] instead
2023-06-14 00:02:44,961 INFO c.z.h.HikariDataSource [main] HikariPool-1 - Starting...
2023-06-14 00:02:45,047 INFO c.z.h.p.HikariPool [main] HikariPool-1 - Added connection org.postgresql.jdbc.PgConnection@13516600
2023-06-14 00:02:45,049 INFO c.z.h.HikariDataSource [main] HikariPool-1 - Start completed.
2023-06-14 00:02:45,069 INFO o.h.e.j.d.i.DialectFactoryImpl [main] HHH000400: Using dialect: org.hibernate.dialect.PostgreSQLDialect
2023-06-14 00:02:45,616 INFO o.h.e.t.j.p.i.JtaPlatformInitiator [main] HHH000490: Using JtaPlatform implementation: [org.hibernate.engine.transaction.jta.platform.internal.NoJtaPlatform]
2023-06-14 00:02:45,621 INFO o.s.o.j.AbstractEntityManagerFactoryBean [main] Initialized JPA EntityManagerFactory for persistence unit 'default'
2023-06-14 00:02:46,023 WARN o.s.b.a.o.j.JpaBaseConfiguration$JpaWebConfiguration [main] spring.jpa.open-in-view is enabled by default. Therefore, database queries may be performed during view rendering. Explicitly configure spring.jpa.open-in-view to disable this warning
2023-06-14 00:02:46,300 INFO o.s.b.w.e.t.TomcatWebServer [main] Tomcat started on port(s): 8082 (http) with context path ''
2023-06-14 00:02:46,309 INFO o.s.b.StartupInfoLogger [main] Started UserApplication in 3.014 seconds (process running for 3.225)
2023-06-14 00:03:02,542 INFO o.s.o.j.AbstractEntityManagerFactoryBean [SpringApplicationShutdownHook] Closing JPA EntityManagerFactory for persistence unit 'default'
2023-06-14 00:03:02,544 INFO c.z.h.HikariDataSource [SpringApplicationShutdownHook] HikariPool-1 - Shutdown initiated...
2023-06-14 00:03:02,549 INFO c.z.h.HikariDataSource [SpringApplicationShutdownHook] HikariPool-1 - Shutdown completed.
2023-06-14 00:04:17,404 INFO o.s.b.StartupInfoLogger [main] Starting UserApplication using Java 18.0.1.1 with PID 27712 (C:\Users\Beytullah\Documents\GitHub\CarVehicleQualitySystem\UserManangement-Service\target\classes started by Beytullah in C:\Users\Beytullah\Documents\GitHub\CarVehicleQualitySystem\UserManangement-Service)
2023-06-14 00:04:17,406 INFO o.s.b.SpringApplication [main] The following 1 profile is active: "dev"
2023-06-14 00:04:17,829 INFO o.s.d.r.c.RepositoryConfigurationDelegate [main] Bootstrapping Spring Data JPA repositories in DEFAULT mode.
2023-06-14 00:04:17,876 INFO o.s.d.r.c.RepositoryConfigurationDelegate [main] Finished Spring Data repository scanning in 42 ms. Found 2 JPA repository interfaces.
2023-06-14 00:04:18,296 INFO o.s.b.w.e.t.TomcatWebServer [main] Tomcat initialized with port(s): 8082 (http)
2023-06-14 00:04:18,303 INFO o.a.j.l.DirectJDKLog [main] Starting service [Tomcat]
2023-06-14 00:04:18,304 INFO o.a.j.l.DirectJDKLog [main] Starting Servlet engine: [Apache Tomcat/10.1.8]
2023-06-14 00:04:18,363 INFO o.a.j.l.DirectJDKLog [main] Initializing Spring embedded WebApplicationContext
2023-06-14 00:04:18,364 INFO o.s.b.w.s.c.ServletWebServerApplicationContext [main] Root WebApplicationContext: initialization completed in 918 ms
2023-06-14 00:04:18,484 INFO o.h.j.i.u.LogHelper [main] HHH000204: Processing PersistenceUnitInfo [name: default]
2023-06-14 00:04:18,542 INFO o.h.Version [main] HHH000412: Hibernate ORM core version 6.1.7.Final
2023-06-14 00:04:18,643 WARN o.h.j.b.i.EntityManagerFactoryBuilderImpl [main] HHH90000021: Encountered deprecated setting [javax.persistence.validation.mode], use [jakarta.persistence.validation.mode] instead
2023-06-14 00:04:18,745 INFO c.z.h.HikariDataSource [main] HikariPool-1 - Starting...
2023-06-14 00:04:18,838 INFO c.z.h.p.HikariPool [main] HikariPool-1 - Added connection org.postgresql.jdbc.PgConnection@3e03046d
2023-06-14 00:04:18,839 INFO c.z.h.HikariDataSource [main] HikariPool-1 - Start completed.
2023-06-14 00:04:18,862 INFO o.h.e.j.d.i.DialectFactoryImpl [main] HHH000400: Using dialect: org.hibernate.dialect.PostgreSQLDialect
2023-06-14 00:04:19,440 INFO o.h.e.t.j.p.i.JtaPlatformInitiator [main] HHH000490: Using JtaPlatform implementation: [org.hibernate.engine.transaction.jta.platform.internal.NoJtaPlatform]
2023-06-14 00:04:19,445 INFO o.s.o.j.AbstractEntityManagerFactoryBean [main] Initialized JPA EntityManagerFactory for persistence unit 'default'
2023-06-14 00:04:19,833 WARN o.s.b.a.o.j.JpaBaseConfiguration$JpaWebConfiguration [main] spring.jpa.open-in-view is enabled by default. Therefore, database queries may be performed during view rendering. Explicitly configure spring.jpa.open-in-view to disable this warning
2023-06-14 00:04:20,085 INFO o.s.b.w.e.t.TomcatWebServer [main] Tomcat started on port(s): 8082 (http) with context path ''
2023-06-14 00:04:20,091 INFO o.s.b.StartupInfoLogger [main] Started UserApplication in 3.027 seconds (process running for 3.246)
2023-06-14 00:04:25,623 INFO o.a.j.l.DirectJDKLog [http-nio-8082-exec-1] Initializing Spring DispatcherServlet 'dispatcherServlet'
2023-06-14 00:04:25,623 INFO o.s.w.s.FrameworkServlet [http-nio-8082-exec-1] Initializing Servlet 'dispatcherServlet'
2023-06-14 00:04:25,624 INFO o.s.w.s.FrameworkServlet [http-nio-8082-exec-1] Completed initialization in 1 ms
2023-06-14 00:04:25,658 DEBUG c.e.u.r.UserController [http-nio-8082-exec-1] getById() method executed
2023-06-14 00:04:25,713 INFO c.e.u.r.UserController [http-nio-8082-exec-1] getById() method successfully completed
2023-06-14 00:04:28,932 INFO c.e.u.r.UserController [http-nio-8082-exec-3] User updated successfully. User Id: 32
2023-06-14 00:04:31,297 DEBUG c.e.u.r.UserController [http-nio-8082-exec-4] getAll() method executed
2023-06-14 00:04:31,324 INFO c.e.u.r.UserController [http-nio-8082-exec-4] getAll() method successfully completed
2023-06-14 00:04:47,041 INFO c.e.u.r.UserController [http-nio-8082-exec-5] User Deleted Successfully. User Id: 1
2023-06-14 00:04:51,889 DEBUG c.e.u.r.UserController [http-nio-8082-exec-6] getById() method executed
2023-06-14 00:04:51,893 ERROR o.a.j.l.DirectJDKLog [http-nio-8082-exec-6] Servlet.service() for servlet [dispatcherServlet] in context with path [] threw exception [Request processing failed: java.util.NoSuchElementException: No value present] with root cause
java.util.NoSuchElementException: No value present
	at java.base/java.util.Optional.get(Optional.java:143)
	at com.example.user.service.Concrete.UserManager.getById(UserManager.java:38)
	at com.example.user.resource.UserController.getById(UserController.java:42)
	at java.base/jdk.internal.reflect.DirectMethodHandleAccessor.invoke(DirectMethodHandleAccessor.java:104)
	at java.base/java.lang.reflect.Method.invoke(Method.java:577)
	at org.springframework.web.method.support.InvocableHandlerMethod.doInvoke(InvocableHandlerMethod.java:207)
	at org.springframework.web.method.support.InvocableHandlerMethod.invokeForRequest(InvocableHandlerMethod.java:152)
	at org.springframework.web.servlet.mvc.method.annotation.ServletInvocableHandlerMethod.invokeAndHandle(ServletInvocableHandlerMethod.java:118)
	at org.springframework.web.servlet.mvc.method.annotation.RequestMappingHandlerAdapter.invokeHandlerMethod(RequestMappingHandlerAdapter.java:884)
	at org.springframework.web.servlet.mvc.method.annotation.RequestMappingHandlerAdapter.handleInternal(RequestMappingHandlerAdapter.java:797)
	at org.springframework.web.servlet.mvc.method.AbstractHandlerMethodAdapter.handle(AbstractHandlerMethodAdapter.java:87)
	at org.springframework.web.servlet.DispatcherServlet.doDispatch(DispatcherServlet.java:1081)
	at org.springframework.web.servlet.DispatcherServlet.doService(DispatcherServlet.java:974)
	at org.springframework.web.servlet.FrameworkServlet.processRequest(FrameworkServlet.java:1011)
	at org.springframework.web.servlet.FrameworkServlet.doGet(FrameworkServlet.java:903)
	at jakarta.servlet.http.HttpServlet.service(HttpServlet.java:564)
	at org.springframework.web.servlet.FrameworkServlet.service(FrameworkServlet.java:885)
	at jakarta.servlet.http.HttpServlet.service(HttpServlet.java:658)
	at org.apache.catalina.core.ApplicationFilterChain.internalDoFilter(ApplicationFilterChain.java:205)
	at org.apache.catalina.core.ApplicationFilterChain.doFilter(ApplicationFilterChain.java:149)
	at org.apache.tomcat.websocket.server.WsFilter.doFilter(WsFilter.java:51)
	at org.apache.catalina.core.ApplicationFilterChain.internalDoFilter(ApplicationFilterChain.java:174)
	at org.apache.catalina.core.ApplicationFilterChain.doFilter(ApplicationFilterChain.java:149)
	at org.springframework.web.filter.RequestContextFilter.doFilterInternal(RequestContextFilter.java:100)
	at org.springframework.web.filter.OncePerRequestFilter.doFilter(OncePerRequestFilter.java:116)
	at org.apache.catalina.core.ApplicationFilterChain.internalDoFilter(ApplicationFilterChain.java:174)
	at org.apache.catalina.core.ApplicationFilterChain.doFilter(ApplicationFilterChain.java:149)
	at org.springframework.web.filter.FormContentFilter.doFilterInternal(FormContentFilter.java:93)
	at org.springframework.web.filter.OncePerRequestFilter.doFilter(OncePerRequestFilter.java:116)
	at org.apache.catalina.core.ApplicationFilterChain.internalDoFilter(ApplicationFilterChain.java:174)
	at org.apache.catalina.core.ApplicationFilterChain.doFilter(ApplicationFilterChain.java:149)
	at org.springframework.web.filter.CharacterEncodingFilter.doFilterInternal(CharacterEncodingFilter.java:201)
	at org.springframework.web.filter.OncePerRequestFilter.doFilter(OncePerRequestFilter.java:116)
	at org.apache.catalina.core.ApplicationFilterChain.internalDoFilter(ApplicationFilterChain.java:174)
	at org.apache.catalina.core.ApplicationFilterChain.doFilter(ApplicationFilterChain.java:149)
	at org.apache.catalina.core.StandardWrapperValve.invoke(StandardWrapperValve.java:166)
	at org.apache.catalina.core.StandardContextValve.invoke(StandardContextValve.java:90)
	at org.apache.catalina.authenticator.AuthenticatorBase.invoke(AuthenticatorBase.java:482)
	at org.apache.catalina.core.StandardHostValve.invoke(StandardHostValve.java:115)
	at org.apache.catalina.valves.ErrorReportValve.invoke(ErrorReportValve.java:93)
	at org.apache.catalina.core.StandardEngineValve.invoke(StandardEngineValve.java:74)
	at org.apache.catalina.connector.CoyoteAdapter.service(CoyoteAdapter.java:341)
	at org.apache.coyote.http11.Http11Processor.service(Http11Processor.java:390)
	at org.apache.coyote.AbstractProcessorLight.process(AbstractProcessorLight.java:63)
	at org.apache.coyote.AbstractProtocol$ConnectionHandler.process(AbstractProtocol.java:894)
	at org.apache.tomcat.util.net.NioEndpoint$SocketProcessor.doRun(NioEndpoint.java:1741)
	at org.apache.tomcat.util.net.SocketProcessorBase.run(SocketProcessorBase.java:52)
	at org.apache.tomcat.util.threads.ThreadPoolExecutor.runWorker(ThreadPoolExecutor.java:1191)
	at org.apache.tomcat.util.threads.ThreadPoolExecutor$Worker.run(ThreadPoolExecutor.java:659)
	at org.apache.tomcat.util.threads.TaskThread$WrappingRunnable.run(TaskThread.java:61)
	at java.base/java.lang.Thread.run(Thread.java:833)
2023-06-14 00:05:14,932 INFO o.s.o.j.AbstractEntityManagerFactoryBean [SpringApplicationShutdownHook] Closing JPA EntityManagerFactory for persistence unit 'default'
2023-06-14 00:05:14,934 INFO c.z.h.HikariDataSource [SpringApplicationShutdownHook] HikariPool-1 - Shutdown initiated...
2023-06-14 00:05:14,936 INFO c.z.h.HikariDataSource [SpringApplicationShutdownHook] HikariPool-1 - Shutdown completed.
